[NX Daemon Server] - 2024-06-16T08:07:06.162Z - Started listening on: /tmp/74806537f8715a8a6551/d.sock
[NX Daemon Server] - 2024-06-16T08:07:06.164Z - [WATCHER]: Subscribed to changes within: /home/javierbarrera/Portfolio (native)
[NX Daemon Server] - 2024-06-16T08:07:06.164Z - Established a connection. Number of open connections: 1
[NX Daemon Server] - 2024-06-16T08:07:06.165Z - Established a connection. Number of open connections: 2
[NX Daemon Server] - 2024-06-16T08:07:06.166Z - Closed a connection. Number of open connections: 1
[NX Daemon Server] - 2024-06-16T08:07:06.166Z - [REQUEST]: Client Request for Project Graph Received
[NX Daemon Server] - 2024-06-16T08:07:06.173Z - [REQUEST]: Updated workspace context based on watched changes, recomputing project graph...
[NX Daemon Server] - 2024-06-16T08:07:06.173Z - [REQUEST]: 
[NX Daemon Server] - 2024-06-16T08:07:06.173Z - [REQUEST]: 
[NX Daemon Server] - 2024-06-16T08:07:06.247Z - [REQUEST]: Responding to the client. project-graph
[NX Daemon Server] - 2024-06-16T08:07:06.248Z - Time taken for 'total for creating and serializing project graph' 80.12477399999999ms
[NX Daemon Server] - 2024-06-16T08:07:06.248Z - Done responding to the client project-graph
[NX Daemon Server] - 2024-06-16T08:07:06.248Z - Handled REQUEST_PROJECT_GRAPH. Handling time: 81. Response time: 1.
[NX Daemon Server] - 2024-06-16T08:07:06.262Z - [REQUEST]: Responding to the client. handleHashTasks
[NX Daemon Server] - 2024-06-16T08:07:06.263Z - Done responding to the client handleHashTasks
[NX Daemon Server] - 2024-06-16T08:07:06.263Z - Handled HASH_TASKS. Handling time: 8. Response time: 1.
[NX Daemon Server] - 2024-06-16T08:07:06.479Z - Established a connection. Number of open connections: 2
[NX Daemon Server] - 2024-06-16T08:07:06.480Z - Closed a connection. Number of open connections: 1
[NX Daemon Server] - 2024-06-16T08:07:06.480Z - Established a connection. Number of open connections: 2
[NX Daemon Server] - 2024-06-16T08:07:06.482Z - [REQUEST]: Client Request for Project Graph Received
[NX Daemon Server] - 2024-06-16T08:07:06.482Z - [REQUEST]: Responding to the client. project-graph
[NX Daemon Server] - 2024-06-16T08:07:06.482Z - Time taken for 'total for creating and serializing project graph' 0.090199000000041ms
[NX Daemon Server] - 2024-06-16T08:07:06.483Z - Done responding to the client project-graph
[NX Daemon Server] - 2024-06-16T08:07:06.483Z - Handled REQUEST_PROJECT_GRAPH. Handling time: 0. Response time: 1.
[NX Daemon Server] - 2024-06-16T08:07:07.847Z - [WATCHER]: Processing file changes in outputs
[NX Daemon Server] - 2024-06-16T08:07:16.256Z - Closed a connection. Number of open connections: 1
[NX Daemon Server] - 2024-06-16T08:07:16.276Z - Closed a connection. Number of open connections: 0
[NX Daemon Server] - 2024-06-16T08:19:29.113Z - Started listening on: /tmp/74806537f8715a8a6551/d.sock
[NX Daemon Server] - 2024-06-16T08:19:29.115Z - [WATCHER]: Subscribed to changes within: /home/javierbarrera/Portfolio (native)
[NX Daemon Server] - 2024-06-16T08:19:29.117Z - Established a connection. Number of open connections: 1
[NX Daemon Server] - 2024-06-16T08:19:29.119Z - Established a connection. Number of open connections: 2
[NX Daemon Server] - 2024-06-16T08:19:29.120Z - Closed a connection. Number of open connections: 1
[NX Daemon Server] - 2024-06-16T08:19:29.122Z - [REQUEST]: Client Request for Project Graph Received
[NX Daemon Server] - 2024-06-16T08:19:29.138Z - [REQUEST]: Updated workspace context based on watched changes, recomputing project graph...
[NX Daemon Server] - 2024-06-16T08:19:29.139Z - [REQUEST]: 
[NX Daemon Server] - 2024-06-16T08:19:29.139Z - [REQUEST]: 
[NX Daemon Server] - 2024-06-16T08:19:29.188Z - [REQUEST]: Responding to the client. project-graph
[NX Daemon Server] - 2024-06-16T08:19:29.191Z - Time taken for 'total for creating and serializing project graph' 65.85397399961948ms
[NX Daemon Server] - 2024-06-16T08:19:29.192Z - Done responding to the client project-graph
[NX Daemon Server] - 2024-06-16T08:19:29.192Z - Handled REQUEST_PROJECT_GRAPH. Handling time: 66. Response time: 4.
[NX Daemon Server] - 2024-06-16T08:19:29.197Z - [REQUEST]: Responding to the client. handleContextFileData
[NX Daemon Server] - 2024-06-16T08:19:29.199Z - Done responding to the client handleContextFileData
[NX Daemon Server] - 2024-06-16T08:19:29.199Z - Handled GET_CONTEXT_FILE_DATA. Handling time: 0. Response time: 2.
[NX Daemon Server] - 2024-06-16T08:19:29.199Z - Closed a connection. Number of open connections: 0
[NX Daemon Server] - 2024-06-16T08:19:29.460Z - Established a connection. Number of open connections: 1
[NX Daemon Server] - 2024-06-16T08:19:29.460Z - Established a connection. Number of open connections: 2
[NX Daemon Server] - 2024-06-16T08:19:29.461Z - Closed a connection. Number of open connections: 1
[NX Daemon Server] - 2024-06-16T08:19:29.461Z - [REQUEST]: Client Request for Project Graph Received
[NX Daemon Server] - 2024-06-16T08:19:29.461Z - [REQUEST]: Responding to the client. project-graph
[NX Daemon Server] - 2024-06-16T08:19:29.462Z - Time taken for 'total for creating and serializing project graph' 0.09273899998515844ms
[NX Daemon Server] - 2024-06-16T08:19:29.462Z - Done responding to the client project-graph
[NX Daemon Server] - 2024-06-16T08:19:29.462Z - Handled REQUEST_PROJECT_GRAPH. Handling time: 0. Response time: 1.
[NX Daemon Server] - 2024-06-16T08:19:29.465Z - [REQUEST]: Client Request for Project Graph Received
[NX Daemon Server] - 2024-06-16T08:19:29.465Z - [REQUEST]: Responding to the client. project-graph
[NX Daemon Server] - 2024-06-16T08:19:29.466Z - Time taken for 'total for creating and serializing project graph' 0.10844899993389845ms
[NX Daemon Server] - 2024-06-16T08:19:29.467Z - Done responding to the client project-graph
[NX Daemon Server] - 2024-06-16T08:19:29.467Z - Handled REQUEST_PROJECT_GRAPH. Handling time: 0. Response time: 2.
[NX Daemon Server] - 2024-06-16T08:19:29.469Z - Established a connection. Number of open connections: 2
[NX Daemon Server] - 2024-06-19T06:03:56.478Z - Started listening on: /tmp/74806537f8715a8a6551/d.sock
[NX Daemon Server] - 2024-06-19T06:03:56.482Z - [WATCHER]: Subscribed to changes within: /home/javierbarrera/Portfolio (native)
[NX Daemon Server] - 2024-06-19T06:03:56.483Z - Established a connection. Number of open connections: 1
[NX Daemon Server] - 2024-06-19T06:03:56.484Z - Established a connection. Number of open connections: 2
[NX Daemon Server] - 2024-06-19T06:03:56.485Z - Closed a connection. Number of open connections: 1
[NX Daemon Server] - 2024-06-19T06:03:56.486Z - [REQUEST]: Client Request for Project Graph Received
[NX Daemon Server] - 2024-06-19T06:03:56.502Z - [REQUEST]: Updated workspace context based on watched changes, recomputing project graph...
[NX Daemon Server] - 2024-06-19T06:03:56.502Z - [REQUEST]: 
[NX Daemon Server] - 2024-06-19T06:03:56.502Z - [REQUEST]: 
[NX Daemon Server] - 2024-06-19T06:03:56.556Z - [REQUEST]: Responding to the client. project-graph
[NX Daemon Server] - 2024-06-19T06:03:56.558Z - Time taken for 'total for creating and serializing project graph' 69.43818100000499ms
[NX Daemon Server] - 2024-06-19T06:03:56.559Z - Done responding to the client project-graph
[NX Daemon Server] - 2024-06-19T06:03:56.559Z - Handled REQUEST_PROJECT_GRAPH. Handling time: 70. Response time: 3.
[NX Daemon Server] - 2024-06-19T06:03:56.562Z - [REQUEST]: Responding to the client. handleContextFileData
[NX Daemon Server] - 2024-06-19T06:03:56.562Z - Done responding to the client handleContextFileData
[NX Daemon Server] - 2024-06-19T06:03:56.562Z - Handled GET_CONTEXT_FILE_DATA. Handling time: 0. Response time: 0.
[NX Daemon Server] - 2024-06-19T06:03:56.563Z - Closed a connection. Number of open connections: 0
[NX Daemon Server] - 2024-06-19T06:03:56.843Z - Established a connection. Number of open connections: 1
[NX Daemon Server] - 2024-06-19T06:03:56.843Z - Established a connection. Number of open connections: 2
[NX Daemon Server] - 2024-06-19T06:03:56.843Z - Closed a connection. Number of open connections: 1
[NX Daemon Server] - 2024-06-19T06:03:56.844Z - [REQUEST]: Client Request for Project Graph Received
[NX Daemon Server] - 2024-06-19T06:03:56.844Z - [REQUEST]: Responding to the client. project-graph
[NX Daemon Server] - 2024-06-19T06:03:56.845Z - Time taken for 'total for creating and serializing project graph' 0.09943900001235306ms
[NX Daemon Server] - 2024-06-19T06:03:56.845Z - Done responding to the client project-graph
[NX Daemon Server] - 2024-06-19T06:03:56.845Z - Handled REQUEST_PROJECT_GRAPH. Handling time: 0. Response time: 1.
[NX Daemon Server] - 2024-06-19T06:03:56.848Z - [REQUEST]: Client Request for Project Graph Received
[NX Daemon Server] - 2024-06-19T06:03:56.848Z - [REQUEST]: Responding to the client. project-graph
[NX Daemon Server] - 2024-06-19T06:03:56.849Z - Time taken for 'total for creating and serializing project graph' 0.1009079999930691ms
[NX Daemon Server] - 2024-06-19T06:03:56.849Z - Done responding to the client project-graph
[NX Daemon Server] - 2024-06-19T06:03:56.850Z - Handled REQUEST_PROJECT_GRAPH. Handling time: 0. Response time: 1.
[NX Daemon Server] - 2024-06-19T06:03:56.853Z - Established a connection. Number of open connections: 2
[NX Daemon Server] - 2024-06-19T06:04:15.715Z - Started listening on: /tmp/74806537f8715a8a6551/d.sock
[NX Daemon Server] - 2024-06-19T06:04:15.716Z - [WATCHER]: Subscribed to changes within: /home/javierbarrera/Portfolio (native)
[NX Daemon Server] - 2024-06-19T06:04:15.722Z - Established a connection. Number of open connections: 1
[NX Daemon Server] - 2024-06-19T06:04:15.723Z - Established a connection. Number of open connections: 2
[NX Daemon Server] - 2024-06-19T06:04:15.724Z - Closed a connection. Number of open connections: 1
[NX Daemon Server] - 2024-06-19T06:04:15.725Z - [REQUEST]: Client Request for Project Graph Received
[NX Daemon Server] - 2024-06-19T06:04:15.735Z - [REQUEST]: Updated workspace context based on watched changes, recomputing project graph...
[NX Daemon Server] - 2024-06-19T06:04:15.735Z - [REQUEST]: 
[NX Daemon Server] - 2024-06-19T06:04:15.735Z - [REQUEST]: 
[NX Daemon Server] - 2024-06-19T06:04:15.777Z - [REQUEST]: Responding to the client. project-graph
[NX Daemon Server] - 2024-06-19T06:04:15.781Z - Time taken for 'total for creating and serializing project graph' 51.5629599999811ms
[NX Daemon Server] - 2024-06-19T06:04:15.781Z - Done responding to the client project-graph
[NX Daemon Server] - 2024-06-19T06:04:15.782Z - Handled REQUEST_PROJECT_GRAPH. Handling time: 52. Response time: 5.
[NX Daemon Server] - 2024-06-19T06:04:15.786Z - [REQUEST]: Responding to the client. handleContextFileData
[NX Daemon Server] - 2024-06-19T06:04:15.788Z - Done responding to the client handleContextFileData
[NX Daemon Server] - 2024-06-19T06:04:15.788Z - Handled GET_CONTEXT_FILE_DATA. Handling time: 0. Response time: 2.
[NX Daemon Server] - 2024-06-19T06:04:15.789Z - Closed a connection. Number of open connections: 0
[NX Daemon Server] - 2024-06-19T06:04:16.036Z - Established a connection. Number of open connections: 1
[NX Daemon Server] - 2024-06-19T06:04:16.036Z - Established a connection. Number of open connections: 2
[NX Daemon Server] - 2024-06-19T06:04:16.036Z - Closed a connection. Number of open connections: 1
[NX Daemon Server] - 2024-06-19T06:04:16.037Z - [REQUEST]: Client Request for Project Graph Received
[NX Daemon Server] - 2024-06-19T06:04:16.037Z - [REQUEST]: Responding to the client. project-graph
[NX Daemon Server] - 2024-06-19T06:04:16.038Z - Time taken for 'total for creating and serializing project graph' 0.09614899998996407ms
[NX Daemon Server] - 2024-06-19T06:04:16.039Z - Done responding to the client project-graph
[NX Daemon Server] - 2024-06-19T06:04:16.039Z - Handled REQUEST_PROJECT_GRAPH. Handling time: 0. Response time: 2.
[NX Daemon Server] - 2024-06-19T06:04:16.041Z - [REQUEST]: Client Request for Project Graph Received
[NX Daemon Server] - 2024-06-19T06:04:16.041Z - [REQUEST]: Responding to the client. project-graph
[NX Daemon Server] - 2024-06-19T06:04:16.042Z - Time taken for 'total for creating and serializing project graph' 0.09598899999400601ms
[NX Daemon Server] - 2024-06-19T06:04:16.043Z - Done responding to the client project-graph
[NX Daemon Server] - 2024-06-19T06:04:16.043Z - Handled REQUEST_PROJECT_GRAPH. Handling time: 0. Response time: 2.
[NX Daemon Server] - 2024-06-19T06:04:16.045Z - Established a connection. Number of open connections: 2
[NX Daemon Server] - 2024-06-26T08:34:46.773Z - Started listening on: /tmp/74806537f8715a8a6551/d.sock
[NX Daemon Server] - 2024-06-26T08:34:46.775Z - [WATCHER]: Subscribed to changes within: /home/javierbarrera/Portfolio (native)
[NX Daemon Server] - 2024-06-26T08:34:46.776Z - Established a connection. Number of open connections: 1
[NX Daemon Server] - 2024-06-26T08:34:46.777Z - Established a connection. Number of open connections: 2
[NX Daemon Server] - 2024-06-26T08:34:46.777Z - Closed a connection. Number of open connections: 1
[NX Daemon Server] - 2024-06-26T08:34:46.778Z - [REQUEST]: Client Request for Project Graph Received
[NX Daemon Server] - 2024-06-26T08:34:46.790Z - [REQUEST]: Updated workspace context based on watched changes, recomputing project graph...
[NX Daemon Server] - 2024-06-26T08:34:46.790Z - [REQUEST]: 
[NX Daemon Server] - 2024-06-26T08:34:46.790Z - [REQUEST]: 
[NX Daemon Server] - 2024-06-26T08:34:46.821Z - [REQUEST]: Responding to the client. project-graph
[NX Daemon Server] - 2024-06-26T08:34:46.823Z - Time taken for 'total for creating and serializing project graph' 42.29345700002159ms
[NX Daemon Server] - 2024-06-26T08:34:46.823Z - Done responding to the client project-graph
[NX Daemon Server] - 2024-06-26T08:34:46.823Z - Handled REQUEST_PROJECT_GRAPH. Handling time: 43. Response time: 2.
[NX Daemon Server] - 2024-06-26T08:34:46.827Z - [REQUEST]: Responding to the client. handleContextFileData
[NX Daemon Server] - 2024-06-26T08:34:46.827Z - Done responding to the client handleContextFileData
[NX Daemon Server] - 2024-06-26T08:34:46.827Z - Handled GET_CONTEXT_FILE_DATA. Handling time: 0. Response time: 0.
[NX Daemon Server] - 2024-06-26T08:34:46.828Z - Closed a connection. Number of open connections: 0
[NX Daemon Server] - 2024-06-26T08:34:47.048Z - Established a connection. Number of open connections: 1
[NX Daemon Server] - 2024-06-26T08:34:47.048Z - Established a connection. Number of open connections: 2
[NX Daemon Server] - 2024-06-26T08:34:47.048Z - Closed a connection. Number of open connections: 1
[NX Daemon Server] - 2024-06-26T08:34:47.049Z - [REQUEST]: Client Request for Project Graph Received
[NX Daemon Server] - 2024-06-26T08:34:47.049Z - [REQUEST]: Responding to the client. project-graph
[NX Daemon Server] - 2024-06-26T08:34:47.050Z - Time taken for 'total for creating and serializing project graph' 0.09228000001166947ms
[NX Daemon Server] - 2024-06-26T08:34:47.050Z - Done responding to the client project-graph
[NX Daemon Server] - 2024-06-26T08:34:47.050Z - Handled REQUEST_PROJECT_GRAPH. Handling time: 0. Response time: 1.
[NX Daemon Server] - 2024-06-26T08:34:47.052Z - [REQUEST]: Client Request for Project Graph Received
[NX Daemon Server] - 2024-06-26T08:34:47.053Z - [REQUEST]: Responding to the client. project-graph
[NX Daemon Server] - 2024-06-26T08:34:47.053Z - Time taken for 'total for creating and serializing project graph' 0.08287000001291744ms
[NX Daemon Server] - 2024-06-26T08:34:47.054Z - Done responding to the client project-graph
[NX Daemon Server] - 2024-06-26T08:34:47.054Z - Handled REQUEST_PROJECT_GRAPH. Handling time: 1. Response time: 1.
[NX Daemon Server] - 2024-06-26T08:34:47.056Z - Established a connection. Number of open connections: 2
[NX Daemon Server] - 2024-06-26T08:35:03.427Z - Established a connection. Number of open connections: 3
[NX Daemon Server] - 2024-06-26T08:35:03.427Z - Closed a connection. Number of open connections: 2
[NX Daemon Server] - 2024-06-26T08:35:03.428Z - Established a connection. Number of open connections: 3
[NX Daemon Server] - 2024-06-26T08:35:03.429Z - [REQUEST]: Client Request for Project Graph Received
[NX Daemon Server] - 2024-06-26T08:35:03.429Z - [REQUEST]: Responding to the client. project-graph
[NX Daemon Server] - 2024-06-26T08:35:03.430Z - Time taken for 'total for creating and serializing project graph' 0.11281999998027459ms
[NX Daemon Server] - 2024-06-26T08:35:03.431Z - Done responding to the client project-graph
[NX Daemon Server] - 2024-06-26T08:35:03.431Z - Handled REQUEST_PROJECT_GRAPH. Handling time: 0. Response time: 2.
[NX Daemon Server] - 2024-06-26T08:35:03.446Z - [REQUEST]: Responding to the client. handleHashTasks
[NX Daemon Server] - 2024-06-26T08:35:03.447Z - Done responding to the client handleHashTasks
[NX Daemon Server] - 2024-06-26T08:35:03.447Z - Handled HASH_TASKS. Handling time: 10. Response time: 1.
[NX Daemon Server] - 2024-06-26T08:35:03.653Z - Established a connection. Number of open connections: 4
[NX Daemon Server] - 2024-06-26T08:35:03.654Z - Closed a connection. Number of open connections: 3
[NX Daemon Server] - 2024-06-26T08:35:03.655Z - Established a connection. Number of open connections: 4
[NX Daemon Server] - 2024-06-26T08:35:03.656Z - [REQUEST]: Client Request for Project Graph Received
[NX Daemon Server] - 2024-06-26T08:35:03.656Z - [REQUEST]: Responding to the client. project-graph
[NX Daemon Server] - 2024-06-26T08:35:03.657Z - Time taken for 'total for creating and serializing project graph' 0.11540000000968575ms
[NX Daemon Server] - 2024-06-26T08:35:03.658Z - Done responding to the client project-graph
[NX Daemon Server] - 2024-06-26T08:35:03.658Z - Handled REQUEST_PROJECT_GRAPH. Handling time: 0. Response time: 2.
[NX Daemon Server] - 2024-06-26T08:35:04.952Z - [WATCHER]: Processing file changes in outputs
[NX Daemon Server] - 2024-06-26T08:36:41.669Z - [WATCHER]: Processing file changes in outputs
[NX Daemon Server] - 2024-06-26T08:36:41.670Z - [WATCHER]: src/styles.scss was modified
[NX Daemon Server] - 2024-06-26T08:36:41.671Z - [REQUEST]: Responding to the client. File watch changed
[NX Daemon Server] - 2024-06-26T08:36:41.672Z - Done responding to the client File watch changed
[NX Daemon Server] - 2024-06-26T08:36:41.672Z - Handled FILE-WATCH-CHANGED. Handling time: 0. Response time: 1.
[NX Daemon Server] - 2024-06-26T08:36:41.672Z - Time taken for 'changed-projects' 0.09706000000005588ms
[NX Daemon Server] - 2024-06-26T08:36:41.771Z - [REQUEST]: Updated workspace context based on watched changes, recomputing project graph...
[NX Daemon Server] - 2024-06-26T08:36:41.771Z - [REQUEST]: src/styles.scss
[NX Daemon Server] - 2024-06-26T08:36:41.771Z - [REQUEST]: 
[NX Daemon Server] - 2024-06-26T08:36:41.810Z - Time taken for 'hash changed files from watcher' 0.08591000002343208ms
[NX Daemon Server] - 2024-06-26T08:36:41.970Z - [WATCHER]: Processing file changes in outputs
[NX Daemon Server] - 2024-06-26T08:36:42.675Z - [REQUEST]: Client Request for Project Graph Received
[NX Daemon Server] - 2024-06-26T08:36:42.675Z - [REQUEST]: Responding to the client. project-graph
[NX Daemon Server] - 2024-06-26T08:36:42.677Z - Time taken for 'total for creating and serializing project graph' 0.1891499999910593ms
[NX Daemon Server] - 2024-06-26T08:36:42.677Z - Done responding to the client project-graph
[NX Daemon Server] - 2024-06-26T08:36:42.678Z - Handled REQUEST_PROJECT_GRAPH. Handling time: 1. Response time: 3.
[NX Daemon Server] - 2024-06-26T08:36:42.682Z - [REQUEST]: Responding to the client. handleContextFileData
[NX Daemon Server] - 2024-06-26T08:36:42.682Z - Done responding to the client handleContextFileData
[NX Daemon Server] - 2024-06-26T08:36:42.682Z - Handled GET_CONTEXT_FILE_DATA. Handling time: 0. Response time: 0.
[NX Daemon Server] - 2024-06-26T08:36:42.683Z - Closed a connection. Number of open connections: 3
[NX Daemon Server] - 2024-06-26T08:36:42.740Z - Closed a connection. Number of open connections: 2
[NX Daemon Server] - 2024-06-26T08:36:42.741Z - Established a connection. Number of open connections: 3
[NX Daemon Server] - 2024-06-26T08:36:42.741Z - Established a connection. Number of open connections: 4
[NX Daemon Server] - 2024-06-26T08:36:42.741Z - Closed a connection. Number of open connections: 3
[NX Daemon Server] - 2024-06-26T08:36:42.742Z - [REQUEST]: Client Request for Project Graph Received
[NX Daemon Server] - 2024-06-26T08:36:42.742Z - [REQUEST]: Responding to the client. project-graph
[NX Daemon Server] - 2024-06-26T08:36:42.743Z - Time taken for 'total for creating and serializing project graph' 0.149840000027325ms
[NX Daemon Server] - 2024-06-26T08:36:42.744Z - Done responding to the client project-graph
[NX Daemon Server] - 2024-06-26T08:36:42.744Z - Handled REQUEST_PROJECT_GRAPH. Handling time: 0. Response time: 2.
[NX Daemon Server] - 2024-06-26T08:36:42.747Z - [REQUEST]: Client Request for Project Graph Received
[NX Daemon Server] - 2024-06-26T08:36:42.747Z - [REQUEST]: Responding to the client. project-graph
[NX Daemon Server] - 2024-06-26T08:36:42.748Z - Time taken for 'total for creating and serializing project graph' 0.0781999999890104ms
[NX Daemon Server] - 2024-06-26T08:36:42.750Z - Done responding to the client project-graph
[NX Daemon Server] - 2024-06-26T08:36:42.750Z - Handled REQUEST_PROJECT_GRAPH. Handling time: 0. Response time: 3.
[NX Daemon Server] - 2024-06-26T08:36:42.752Z - Established a connection. Number of open connections: 4
[NX Daemon Server] - 2024-06-26T08:37:34.020Z - [WATCHER]: src/styles.scss was modified
[NX Daemon Server] - 2024-06-26T08:37:34.020Z - [REQUEST]: Responding to the client. File watch changed
[NX Daemon Server] - 2024-06-26T08:37:34.021Z - Done responding to the client File watch changed
[NX Daemon Server] - 2024-06-26T08:37:34.021Z - Handled FILE-WATCH-CHANGED. Handling time: 0. Response time: 1.
[NX Daemon Server] - 2024-06-26T08:37:34.021Z - [WATCHER]: Processing file changes in outputs
[NX Daemon Server] - 2024-06-26T08:37:34.021Z - Time taken for 'changed-projects' 0.04709700000239536ms
[NX Daemon Server] - 2024-06-26T08:37:34.121Z - [REQUEST]: Updated workspace context based on watched changes, recomputing project graph...
[NX Daemon Server] - 2024-06-26T08:37:34.121Z - [REQUEST]: src/styles.scss
[NX Daemon Server] - 2024-06-26T08:37:34.121Z - [REQUEST]: 
[NX Daemon Server] - 2024-06-26T08:37:34.154Z - Time taken for 'hash changed files from watcher' 0.09827200003201142ms
[NX Daemon Server] - 2024-06-26T08:37:35.023Z - [REQUEST]: Client Request for Project Graph Received
[NX Daemon Server] - 2024-06-26T08:37:35.024Z - [REQUEST]: Responding to the client. project-graph
[NX Daemon Server] - 2024-06-26T08:37:35.025Z - Time taken for 'total for creating and serializing project graph' 0.18345900002168491ms
[NX Daemon Server] - 2024-06-26T08:37:35.026Z - Done responding to the client project-graph
[NX Daemon Server] - 2024-06-26T08:37:35.026Z - Handled REQUEST_PROJECT_GRAPH. Handling time: 1. Response time: 2.
[NX Daemon Server] - 2024-06-26T08:37:35.030Z - [REQUEST]: Responding to the client. handleContextFileData
[NX Daemon Server] - 2024-06-26T08:37:35.030Z - Done responding to the client handleContextFileData
[NX Daemon Server] - 2024-06-26T08:37:35.030Z - Handled GET_CONTEXT_FILE_DATA. Handling time: 0. Response time: 0.
[NX Daemon Server] - 2024-06-26T08:37:35.031Z - Closed a connection. Number of open connections: 3
[NX Daemon Server] - 2024-06-26T08:37:35.088Z - Closed a connection. Number of open connections: 2
[NX Daemon Server] - 2024-06-26T08:37:35.090Z - Established a connection. Number of open connections: 3
[NX Daemon Server] - 2024-06-26T08:37:35.090Z - Closed a connection. Number of open connections: 2
[NX Daemon Server] - 2024-06-26T08:37:35.090Z - Established a connection. Number of open connections: 3
[NX Daemon Server] - 2024-06-26T08:37:35.091Z - [REQUEST]: Client Request for Project Graph Received
[NX Daemon Server] - 2024-06-26T08:37:35.091Z - [REQUEST]: Responding to the client. project-graph
[NX Daemon Server] - 2024-06-26T08:37:35.093Z - Time taken for 'total for creating and serializing project graph' 0.15107799996621907ms
[NX Daemon Server] - 2024-06-26T08:37:35.094Z - Done responding to the client project-graph
[NX Daemon Server] - 2024-06-26T08:37:35.094Z - Handled REQUEST_PROJECT_GRAPH. Handling time: 0. Response time: 3.
[NX Daemon Server] - 2024-06-26T08:37:35.097Z - [REQUEST]: Client Request for Project Graph Received
[NX Daemon Server] - 2024-06-26T08:37:35.097Z - [REQUEST]: Responding to the client. project-graph
[NX Daemon Server] - 2024-06-26T08:37:35.098Z - Time taken for 'total for creating and serializing project graph' 0.11236899998039007ms
[NX Daemon Server] - 2024-06-26T08:37:35.099Z - Done responding to the client project-graph
[NX Daemon Server] - 2024-06-26T08:37:35.099Z - Handled REQUEST_PROJECT_GRAPH. Handling time: 0. Response time: 2.
[NX Daemon Server] - 2024-06-26T08:37:35.102Z - Established a connection. Number of open connections: 4
[NX Daemon Server] - 2024-06-26T08:37:35.582Z - [WATCHER]: Processing file changes in outputs
[NX Daemon Server] - 2024-06-26T08:37:35.582Z - [WATCHER]: src/styles.scss was modified
[NX Daemon Server] - 2024-06-26T08:37:35.582Z - [REQUEST]: Responding to the client. File watch changed
[NX Daemon Server] - 2024-06-26T08:37:35.583Z - Done responding to the client File watch changed
[NX Daemon Server] - 2024-06-26T08:37:35.583Z - Handled FILE-WATCH-CHANGED. Handling time: 0. Response time: 1.
[NX Daemon Server] - 2024-06-26T08:37:35.583Z - Time taken for 'changed-projects' 0.08229799999389797ms
[NX Daemon Server] - 2024-06-26T08:37:35.683Z - [REQUEST]: Updated workspace context based on watched changes, recomputing project graph...
[NX Daemon Server] - 2024-06-26T08:37:35.683Z - [REQUEST]: src/styles.scss
[NX Daemon Server] - 2024-06-26T08:37:35.683Z - [REQUEST]: 
[NX Daemon Server] - 2024-06-26T08:37:35.718Z - Time taken for 'hash changed files from watcher' 0.08782600000267848ms
[NX Daemon Server] - 2024-06-26T08:37:36.586Z - [REQUEST]: Client Request for Project Graph Received
[NX Daemon Server] - 2024-06-26T08:37:36.586Z - [REQUEST]: Responding to the client. project-graph
[NX Daemon Server] - 2024-06-26T08:37:36.587Z - Time taken for 'total for creating and serializing project graph' 0.12634600000455976ms
[NX Daemon Server] - 2024-06-26T08:37:36.588Z - Done responding to the client project-graph
[NX Daemon Server] - 2024-06-26T08:37:36.588Z - Handled REQUEST_PROJECT_GRAPH. Handling time: 0. Response time: 2.
[NX Daemon Server] - 2024-06-26T08:37:36.591Z - [REQUEST]: Responding to the client. handleContextFileData
[NX Daemon Server] - 2024-06-26T08:37:36.591Z - Done responding to the client handleContextFileData
[NX Daemon Server] - 2024-06-26T08:37:36.591Z - Handled GET_CONTEXT_FILE_DATA. Handling time: 0. Response time: 0.
[NX Daemon Server] - 2024-06-26T08:37:36.591Z - Closed a connection. Number of open connections: 3
[NX Daemon Server] - 2024-06-26T08:37:36.619Z - Closed a connection. Number of open connections: 2
[NX Daemon Server] - 2024-06-26T08:37:36.619Z - Established a connection. Number of open connections: 3
[NX Daemon Server] - 2024-06-26T08:37:36.619Z - Closed a connection. Number of open connections: 2
[NX Daemon Server] - 2024-06-26T08:37:36.619Z - Established a connection. Number of open connections: 3
[NX Daemon Server] - 2024-06-26T08:37:36.620Z - [REQUEST]: Client Request for Project Graph Received
[NX Daemon Server] - 2024-06-26T08:37:36.620Z - [REQUEST]: Responding to the client. project-graph
[NX Daemon Server] - 2024-06-26T08:37:36.622Z - Time taken for 'total for creating and serializing project graph' 0.12449700001161546ms
[NX Daemon Server] - 2024-06-26T08:37:36.622Z - Done responding to the client project-graph
[NX Daemon Server] - 2024-06-26T08:37:36.622Z - Handled REQUEST_PROJECT_GRAPH. Handling time: 0. Response time: 2.
[NX Daemon Server] - 2024-06-26T08:37:36.626Z - [REQUEST]: Client Request for Project Graph Received
[NX Daemon Server] - 2024-06-26T08:37:36.626Z - [REQUEST]: Responding to the client. project-graph
[NX Daemon Server] - 2024-06-26T08:37:36.628Z - Time taken for 'total for creating and serializing project graph' 0.12330600002314895ms
[NX Daemon Server] - 2024-06-26T08:37:36.628Z - Done responding to the client project-graph
[NX Daemon Server] - 2024-06-26T08:37:36.628Z - Handled REQUEST_PROJECT_GRAPH. Handling time: 0. Response time: 2.
[NX Daemon Server] - 2024-06-26T08:37:36.630Z - Established a connection. Number of open connections: 4
